[2026-03-10 12:04:42 CET] ━━━━━━━━━━━━━━━━━━━━━━━━━━━━━━━━━━━━
[2026-03-10 12:04:42 CET] 🔄 AI Cockpit refresh starting
[2026-03-10 12:04:43 CET] 📊 Generating usage-data.json...
[main 6100859] data: hourly refresh — 2026-03-10 12:04 CET
 1 file changed, 1 insertion(+), 1 deletion(-)
To https://github.com/Metavisin/API-dashboard-overview.git
   cc42e83..6100859  main -> main
[2026-03-10 12:04:45 CET] ✅ Pushed — dashboard live at https://metavisin.github.io/API-dashboard-overview/
[2026-03-10 12:04:45 CET] ━━━━━━━━━━━━━━━━━━━━━━━━━━━━━━━━━━━━
[2026-03-10 13:04:41 CET] ━━━━━━━━━━━━━━━━━━━━━━━━━━━━━━━━━━━━
[2026-03-10 13:04:41 CET] 🔄 AI Cockpit refresh starting
[2026-03-10 13:04:42 CET] 📊 Generating usage-data.json...
[main 7b8c81b] data: hourly refresh — 2026-03-10 13:04 CET
 1 file changed, 1 insertion(+), 1 deletion(-)
To https://github.com/Metavisin/API-dashboard-overview.git
   6100859..7b8c81b  main -> main
[2026-03-10 13:04:45 CET] ✅ Pushed — dashboard live at https://metavisin.github.io/API-dashboard-overview/
[2026-03-10 13:04:45 CET] ━━━━━━━━━━━━━━━━━━━━━━━━━━━━━━━━━━━━
[2026-03-10 14:20:01 CET] ━━━━━━━━━━━━━━━━━━━━━━━━━━━━━━━━━━━━
[2026-03-10 14:20:01 CET] 🔄 AI Cockpit refresh starting
[2026-03-10 14:20:02 CET] 📊 Generating usage-data.json...
[main 6024bbc] data: hourly refresh — 2026-03-10 14:20 CET
 1 file changed, 5 insertions(+), 5 deletions(-)
To https://github.com/Metavisin/API-dashboard-overview.git
   7b8c81b..6024bbc  main -> main
[2026-03-10 14:20:03 CET] ✅ Pushed — dashboard live at https://metavisin.github.io/API-dashboard-overview/
[2026-03-10 14:20:03 CET] ━━━━━━━━━━━━━━━━━━━━━━━━━━━━━━━━━━━━
[2026-03-10 14:59:08 CET] ━━━━━━━━━━━━━━━━━━━━━━━━━━━━━━━━━━━━
[2026-03-10 14:59:08 CET] 🔄 AI Cockpit refresh starting
[2026-03-10 14:59:09 CET] 📊 Generating usage-data.json...
[main d3c8c3a] data: hourly refresh — 2026-03-10 14:59 CET
 1 file changed, 9 insertions(+), 9 deletions(-)
To https://github.com/Metavisin/API-dashboard-overview.git
   6024bbc..d3c8c3a  main -> main
[2026-03-10 14:59:11 CET] ✅ Pushed — dashboard live at https://metavisin.github.io/API-dashboard-overview/
[2026-03-10 14:59:11 CET] ━━━━━━━━━━━━━━━━━━━━━━━━━━━━━━━━━━━━
[2026-03-10 15:59:11 CET] ━━━━━━━━━━━━━━━━━━━━━━━━━━━━━━━━━━━━
[2026-03-10 15:59:11 CET] 🔄 AI Cockpit refresh starting
[2026-03-10 15:59:12 CET] 📊 Generating usage-data.json...
[main fa3fc66] data: hourly refresh — 2026-03-10 15:59 CET
 1 file changed, 1 insertion(+), 1 deletion(-)
To https://github.com/Metavisin/API-dashboard-overview.git
   338520e..fa3fc66  main -> main
[2026-03-10 15:59:15 CET] ✅ Pushed — dashboard live at https://metavisin.github.io/API-dashboard-overview/
[2026-03-10 15:59:15 CET] ━━━━━━━━━━━━━━━━━━━━━━━━━━━━━━━━━━━━
